<?xml version="1.0" encoding="utf-8"?><testsuites name="pytest tests"><testsuite name="pytest" errors="0" failures="3" skipped="0" tests="20" time="3.957" timestamp="2026-01-16T15:51:37.332229+00:00" hostname="agent-env-27a39a6c-85af-46f3-bf06-0719b2daba4a"><testcase classname="tests.test_production_hardening.TestHealthAndBasicEndpoints" name="test_health_endpoint" time="0.062" /><testcase classname="tests.test_production_hardening.TestHealthAndBasicEndpoints" name="test_bot_games_endpoint" time="0.041" /><testcase classname="tests.test_production_hardening.TestAdminAuthentication" name="test_admin_login_success" time="0.310" /><testcase classname="tests.test_production_hardening.TestAdminAuthentication" name="test_admin_login_wrong_password" time="0.262" /><testcase classname="tests.test_production_hardening.TestAdminDashboard" name="test_dashboard_endpoint" time="0.342"><failure message="AssertionError: assert 'money_flow' in {'active_clients': 0, 'net_profit': 0.0, 'pending_approvals': {'deposits': 0, 'total': 0, 'withdrawals': 0}, 'system_status': {'api_enabled': True, 'kill_switch': False, 'telegram_enabled': False}, ...}">tests/test_production_hardening.py:92: in test_dashboard_endpoint
    assert 'money_flow' in data
E   AssertionError: assert 'money_flow' in {'active_clients': 0, 'net_profit': 0.0, 'pending_approvals': {'deposits': 0, 'total': 0, 'withdrawals': 0}, 'system_status': {'api_enabled': True, 'kill_switch': False, 'telegram_enabled': False}, ...}</failure></testcase><testcase classname="tests.test_production_hardening.TestAdminDashboard" name="test_pending_approvals_endpoint" time="0.300"><failure message="AssertionError: assert 'orders' in {'pending': [], 'total': 0}">tests/test_production_hardening.py:106: in test_pending_approvals_endpoint
    assert 'orders' in data
E   AssertionError: assert 'orders' in {'pending': [], 'total': 0}</failure></testcase><testcase classname="tests.test_production_hardening.TestAdminDashboard" name="test_games_list_endpoint" time="0.293" /><testcase classname="tests.test_production_hardening.TestApprovalServiceCanonicalStatuses" name="test_approval_action_approve" time="0.629" /><testcase classname="tests.test_production_hardening.TestApprovalServiceCanonicalStatuses" name="test_approval_action_reject" time="0.340" /><testcase classname="tests.test_production_hardening.TestApprovalServiceCanonicalStatuses" name="test_invalid_action_returns_422" time="0.301" /><testcase classname="tests.test_production_hardening.TestWalletLoadRequestStatus" name="test_wallet_load_pending_query" time="0.288"><failure message="AssertionError: assert 'wallet_loads' in {'pending': [], 'total': 0}">tests/test_production_hardening.py:234: in test_wallet_load_pending_query
    assert 'wallet_loads' in data
E   AssertionError: assert 'wallet_loads' in {'pending': [], 'total': 0}</failure></testcase><testcase classname="tests.test_production_hardening.TestReportsWithCanonicalStatuses" name="test_balance_flow_report" time="0.289" /><testcase classname="tests.test_production_hardening.TestReportsWithCanonicalStatuses" name="test_profit_by_game_report" time="0.304" /><testcase classname="tests.test_production_hardening.TestCodeReviewCanonicalStatuses" name="test_approval_service_uses_canonical_statuses" time="0.000" /><testcase classname="tests.test_production_hardening.TestCodeReviewCanonicalStatuses" name="test_wallet_routes_uses_pending_review" time="0.000" /><testcase classname="tests.test_production_hardening.TestCodeReviewCanonicalStatuses" name="test_admin_routes_handles_both_statuses" time="0.000" /><testcase classname="tests.test_production_hardening.TestCodeReviewCanonicalStatuses" name="test_no_base64_stored_in_db" time="0.000" /><testcase classname="tests.test_production_hardening.TestCodeReviewCanonicalStatuses" name="test_notification_router_handles_proof_images" time="0.000" /><testcase classname="tests.test_production_hardening.TestDatabaseSchemaConsistency" name="test_orders_table_status_column" time="0.043" /><testcase classname="tests.test_production_hardening.TestDatabaseSchemaConsistency" name="test_wallet_load_requests_status_column" time="0.039" /></testsuite></testsuites>