<?xml version="1.0" encoding="utf-8"?><testsuites name="pytest tests"><testsuite name="pytest" errors="0" failures="2" skipped="9" tests="20" time="0.852" timestamp="2026-01-16T15:49:58.871248+00:00" hostname="agent-env-27a39a6c-85af-46f3-bf06-0719b2daba4a"><testcase classname="tests.test_production_hardening.TestHealthAndBasicEndpoints" name="test_health_endpoint" time="0.105" /><testcase classname="tests.test_production_hardening.TestHealthAndBasicEndpoints" name="test_bot_games_endpoint" time="0.034" /><testcase classname="tests.test_production_hardening.TestAdminAuthentication" name="test_admin_login_success" time="0.076"><failure message="assert 404 == 200&#10; +  where 404 = &lt;Response [404]&gt;.status_code">tests/test_production_hardening.py:54: in test_admin_login_success
    assert response.status_code == 200
E   assert 404 == 200
E    +  where 404 = &lt;Response [404]&gt;.status_code</failure></testcase><testcase classname="tests.test_production_hardening.TestAdminAuthentication" name="test_admin_login_wrong_password" time="0.034"><failure message="assert 404 == 401&#10; +  where 404 = &lt;Response [404]&gt;.status_code">tests/test_production_hardening.py:66: in test_admin_login_wrong_password
    assert response.status_code == 401
E   assert 404 == 401
E    +  where 404 = &lt;Response [404]&gt;.status_code</failure></testcase><testcase classname="tests.test_production_hardening.TestAdminDashboard" name="test_dashboard_endpoint" time="0.036"><skipped type="pytest.skip" message="Admin login failed">/app/tests/test_production_hardening.py:84: Admin login failed</skipped></testcase><testcase classname="tests.test_production_hardening.TestAdminDashboard" name="test_pending_approvals_endpoint" time="0.036"><skipped type="pytest.skip" message="Admin login failed">/app/tests/test_production_hardening.py:98: Admin login failed</skipped></testcase><testcase classname="tests.test_production_hardening.TestAdminDashboard" name="test_games_list_endpoint" time="0.035"><skipped type="pytest.skip" message="Admin login failed">/app/tests/test_production_hardening.py:111: Admin login failed</skipped></testcase><testcase classname="tests.test_production_hardening.TestApprovalServiceCanonicalStatuses" name="test_approval_action_approve" time="0.049"><skipped type="pytest.skip" message="Admin login failed">/app/tests/test_production_hardening.py:157: Admin login failed</skipped></testcase><testcase classname="tests.test_production_hardening.TestApprovalServiceCanonicalStatuses" name="test_approval_action_reject" time="0.038"><skipped type="pytest.skip" message="Admin login failed">/app/tests/test_production_hardening.py:179: Admin login failed</skipped></testcase><testcase classname="tests.test_production_hardening.TestApprovalServiceCanonicalStatuses" name="test_invalid_action_returns_422" time="0.036"><skipped type="pytest.skip" message="Admin login failed">/app/tests/test_production_hardening.py:194: Admin login failed</skipped></testcase><testcase classname="tests.test_production_hardening.TestWalletLoadRequestStatus" name="test_wallet_load_pending_query" time="0.075"><skipped type="pytest.skip" message="Admin login failed">/app/tests/test_production_hardening.py:224: Admin login failed</skipped></testcase><testcase classname="tests.test_production_hardening.TestReportsWithCanonicalStatuses" name="test_balance_flow_report" time="0.030"><skipped type="pytest.skip" message="Admin login failed">/app/tests/test_production_hardening.py:260: Admin login failed</skipped></testcase><testcase classname="tests.test_production_hardening.TestReportsWithCanonicalStatuses" name="test_profit_by_game_report" time="0.033"><skipped type="pytest.skip" message="Admin login failed">/app/tests/test_production_hardening.py:274: Admin login failed</skipped></testcase><testcase classname="tests.test_production_hardening.TestCodeReviewCanonicalStatuses" name="test_approval_service_uses_canonical_statuses" time="0.000" /><testcase classname="tests.test_production_hardening.TestCodeReviewCanonicalStatuses" name="test_wallet_routes_uses_pending_review" time="0.000" /><testcase classname="tests.test_production_hardening.TestCodeReviewCanonicalStatuses" name="test_admin_routes_handles_both_statuses" time="0.000" /><testcase classname="tests.test_production_hardening.TestCodeReviewCanonicalStatuses" name="test_no_base64_stored_in_db" time="0.000" /><testcase classname="tests.test_production_hardening.TestCodeReviewCanonicalStatuses" name="test_notification_router_handles_proof_images" time="0.000" /><testcase classname="tests.test_production_hardening.TestDatabaseSchemaConsistency" name="test_orders_table_status_column" time="0.043" /><testcase classname="tests.test_production_hardening.TestDatabaseSchemaConsistency" name="test_wallet_load_requests_status_column" time="0.040" /></testsuite></testsuites>